<?xml version="1.0" encoding="UTF-8"?>
<!-- Generated by org.testng.reporters.JUnitReportReporter -->
<testsuite skipped="0" hostname="Sergeis-MacBook-Pro.local" name="core.DivideTest" tests="3" failures="0" timestamp="20 May 2018 05:04:04 GMT" time="0.015" errors="0">
  <testcase name="divide_test_2_param" time="0.013" classname="core.DivideTest"/>
  <testcase name="divide_test_3_param" time="0.001" classname="core.DivideTest"/>
  <testcase name="divide_test_4_param" time="0.001" classname="core.DivideTest"/>
</testsuite> <!-- core.DivideTest -->
