<?xml version="1.0" encoding="UTF-8"?>
<!-- Generated by org.testng.reporters.JUnitReportReporter -->
<testsuite skipped="0" hostname="Sergeis-MacBook-Pro.local" name="core.SubtractTest" tests="3" failures="0" timestamp="20 May 2018 04:58:35 GMT" time="0.013" errors="0">
  <testcase name="subtract_test_3_param" time="0.001" classname="core.SubtractTest"/>
  <testcase name="subtract_test_2_param" time="0.011" classname="core.SubtractTest"/>
  <testcase name="subtract_test_4_param" time="0.001" classname="core.SubtractTest"/>
</testsuite> <!-- core.SubtractTest -->
